INFO:root:Simulating 3 matches.
INFO:root:Beginning Game#0
INFO:root:Matched players: ramin, kazuya, king
INFO:root:Winning player: king
INFO:root:player skill: 870
INFO:root:Losing player: ramin
INFO:root:player skill: 860
INFO:root:Losing player: kazuya
INFO:root:player skill: 950
INFO:root:Beginning Game#1
INFO:root:Matched players: bob, kazuya, king
INFO:root:Winning player: king
INFO:root:player skill: 875
INFO:root:Losing player: bob
INFO:root:player skill: 1010
INFO:root:Losing player: kazuya
INFO:root:player skill: 945
INFO:root:Beginning Game#2
INFO:root:Matched players: dragunov, kazuya, king
INFO:root:Winning player: king
INFO:root:player skill: 880
INFO:root:Losing player: dragunov
INFO:root:player skill: 790
INFO:root:Losing player: kazuya
INFO:root:player skill: 940
